Assembler report for niosf_spi
Thu Sep 15 13:05:02 2016
Quartus Prime Version 16.0.0 Build 211 04/27/2016 SJ Standard Edition


---------------------
; Table of Contents ;
---------------------
  1. Legal Notice
  2. Assembler Summary
  3. Assembler Settings
  4. Assembler Encrypted IP Cores Summary
  5. Assembler Generated Files
  6. Assembler Device Options: niosf_spi.sof
  7. Assembler Messages



----------------
; Legal Notice ;
----------------
Copyright (C) 1991-2016 Altera Corporation. All rights reserved.
Your use of Altera Corporation's design tools, logic functions 
and other software and tools, and its AMPP partner logic 
functions, and any output files from any of the foregoing 
(including device programming or simulation files), and any 
associated documentation or information are expressly subject 
to the terms and conditions of the Altera Program License 
Subscription Agreement, the Altera Quartus Prime License Agreement,
the Altera MegaCore Function License Agreement, or other 
applicable license agreement, including, without limitation, 
that your use is for the sole purpose of programming logic 
devices manufactured by Altera and sold by Altera or its 
authorized distributors.  Please refer to the applicable 
agreement for further details.



+---------------------------------------------------------------+
; Assembler Summary                                             ;
+-----------------------+---------------------------------------+
; Assembler Status      ; Successful - Thu Sep 15 13:05:02 2016 ;
; Revision Name         ; niosf_spi                             ;
; Top-level Entity Name ; niosFast_spi                          ;
; Family                ; Stratix IV                            ;
; Device                ; EP4SGX530KH40C2                       ;
+-----------------------+---------------------------------------+


+----------------------------------+
; Assembler Settings               ;
+--------+---------+---------------+
; Option ; Setting ; Default Value ;
+--------+---------+---------------+


+-------------------------------------------------------+
; Assembler Encrypted IP Cores Summary                  ;
+--------+-------------------------------+--------------+
; Vendor ; IP Core Name                  ; License Type ;
+--------+-------------------------------+--------------+
; Altera ; Nios II Processor (6AF7 00A2) ; Licensed     ;
; Altera ; Signal Tap (6AF7 BCE1)        ; Licensed     ;
; Altera ; Signal Tap (6AF7 BCEC)        ; Licensed     ;
+--------+-------------------------------+--------------+


+---------------------------+
; Assembler Generated Files ;
+---------------------------+
; File Name                 ;
+---------------------------+
; niosf_spi.sof             ;
+---------------------------+


+-----------------------------------------+
; Assembler Device Options: niosf_spi.sof ;
+----------------+------------------------+
; Option         ; Setting                ;
+----------------+------------------------+
; Device         ; EP4SGX530KH40C2        ;
; JTAG usercode  ; 0x1049F259             ;
; Checksum       ; 0x1049F259             ;
+----------------+------------------------+


+--------------------+
; Assembler Messages ;
+--------------------+
Info: *******************************************************************
Info: Running Quartus Prime Assembler
    Info: Version 16.0.0 Build 211 04/27/2016 SJ Standard Edition
    Info: Processing started: Thu Sep 15 13:04:32 2016
Info: Command: quartus_asm --read_settings_files=off --write_settings_files=off niosf_spi -c niosf_spi
Warning (125092): Tcl Script File niosFspi/synthesis/niosFspi.qip not found
    Info (125063): set_global_assignment -name QIP_FILE niosFspi/synthesis/niosFspi.qip
Warning (18236): Number of processors has not been specified which may cause overloading on shared machines.  Set the global assignment NUM_PARALLEL_PROCESSORS in your QSF to an appropriate value for best performance.
Info (115031): Writing out detailed assembly data for power analysis
Info (115030): Assembler is generating device programming files
Info: Quartus Prime Assembler was successful. 0 errors, 2 warnings
    Info: Peak virtual memory: 1598 megabytes
    Info: Processing ended: Thu Sep 15 13:05:02 2016
    Info: Elapsed time: 00:00:30
    Info: Total CPU time (on all processors): 00:00:29


