Flow report for niosf_spi
Thu Sep 15 13:05:32 2016
Quartus Prime Version 16.0.0 Build 211 04/27/2016 SJ Standard Edition


---------------------
; Table of Contents ;
---------------------
  1. Legal Notice
  2. Flow Summary
  3. Flow Settings
  4. Flow Non-Default Global Settings
  5. Flow Elapsed Time
  6. Flow OS Summary
  7. Flow Log
  8. Flow Messages
  9. Flow Suppressed Messages



----------------
; Legal Notice ;
----------------
Copyright (C) 1991-2016 Altera Corporation. All rights reserved.
Your use of Altera Corporation's design tools, logic functions 
and other software and tools, and its AMPP partner logic 
functions, and any output files from any of the foregoing 
(including device programming or simulation files), and any 
associated documentation or information are expressly subject 
to the terms and conditions of the Altera Program License 
Subscription Agreement, the Altera Quartus Prime License Agreement,
the Altera MegaCore Function License Agreement, or other 
applicable license agreement, including, without limitation, 
that your use is for the sole purpose of programming logic 
devices manufactured by Altera and sold by Altera or its 
authorized distributors.  Please refer to the applicable 
agreement for further details.



+-------------------------------------------------------------------------------------+
; Flow Summary                                                                        ;
+-----------------------------------+-------------------------------------------------+
; Flow Status                       ; Successful - Thu Sep 15 13:05:32 2016           ;
; Quartus Prime Version             ; 16.0.0 Build 211 04/27/2016 SJ Standard Edition ;
; Revision Name                     ; niosf_spi                                       ;
; Top-level Entity Name             ; niosFast_spi                                    ;
; Family                            ; Stratix IV                                      ;
; Device                            ; EP4SGX530KH40C2                                 ;
; Timing Models                     ; Final                                           ;
; Logic utilization                 ; < 1 %                                           ;
;     Combinational ALUTs           ; 1,724 / 424,960 ( < 1 % )                       ;
;     Memory ALUTs                  ; 0 / 212,480 ( 0 % )                             ;
;     Dedicated logic registers     ; 1,635 / 424,960 ( < 1 % )                       ;
; Total registers                   ; 1635                                            ;
; Total pins                        ; 6 / 888 ( < 1 % )                               ;
; Total virtual pins                ; 0                                               ;
; Total block memory bits           ; 2,504,320 / 21,233,664 ( 12 % )                 ;
; DSP block 18-bit elements         ; 4 / 1,024 ( < 1 % )                             ;
; Total GXB Receiver Channel PCS    ; 0 / 24 ( 0 % )                                  ;
; Total GXB Receiver Channel PMA    ; 0 / 36 ( 0 % )                                  ;
; Total GXB Transmitter Channel PCS ; 0 / 24 ( 0 % )                                  ;
; Total GXB Transmitter Channel PMA ; 0 / 36 ( 0 % )                                  ;
; Total PLLs                        ; 1 / 8 ( 13 % )                                  ;
; Total DLLs                        ; 0 / 4 ( 0 % )                                   ;
+-----------------------------------+-------------------------------------------------+


+-----------------------------------------+
; Flow Settings                           ;
+-------------------+---------------------+
; Option            ; Setting             ;
+-------------------+---------------------+
; Start date & time ; 09/15/2016 13:00:31 ;
; Main task         ; Compilation         ;
; Revision Name     ; niosf_spi           ;
+-------------------+---------------------+


+-----------------------------------------------------------------------------------------------------------------------------+
; Flow Non-Default Global Settings                                                                                            ;
+-------------------------------------+---------------------------------------+---------------+--------------+----------------+
; Assignment Name                     ; Value                                 ; Default Value ; Entity Name  ; Section Id     ;
+-------------------------------------+---------------------------------------+---------------+--------------+----------------+
; COMPILER_SIGNATURE_ID               ; 31222756941313.147395523113862        ; --            ; --           ; --             ;
; EDA_OUTPUT_DATA_FORMAT              ; Verilog Hdl                           ; --            ; --           ; eda_simulation ;
; EDA_SIMULATION_TOOL                 ; ModelSim-Altera (Verilog)             ; <None>        ; --           ; --             ;
; EDA_TIME_SCALE                      ; 1 ps                                  ; --            ; --           ; eda_simulation ;
; ENABLE_SIGNALTAP                    ; On                                    ; --            ; --           ; --             ;
; MAX_CORE_JUNCTION_TEMP              ; 85                                    ; --            ; --           ; --             ;
; MIN_CORE_JUNCTION_TEMP              ; 0                                     ; --            ; --           ; --             ;
; MISC_FILE                           ; pll.ppf                               ; --            ; --           ; --             ;
; PARTITION_COLOR                     ; 16764057                              ; --            ; niosFast_spi ; Top            ;
; PARTITION_FITTER_PRESERVATION_LEVEL ; PLACEMENT_AND_ROUTING                 ; --            ; niosFast_spi ; Top            ;
; PARTITION_NETLIST_TYPE              ; SOURCE                                ; --            ; niosFast_spi ; Top            ;
; POWER_BOARD_THERMAL_MODEL           ; None (CONSERVATIVE)                   ; --            ; --           ; --             ;
; POWER_PRESET_COOLING_SOLUTION       ; 23 MM HEAT SINK WITH 200 LFPM AIRFLOW ; --            ; --           ; --             ;
; PROJECT_OUTPUT_DIRECTORY            ; output_files                          ; --            ; --           ; --             ;
; TOP_LEVEL_ENTITY                    ; niosFast_spi                          ; niosf_spi     ; --           ; --             ;
; USE_SIGNALTAP_FILE                  ; outSignalTap.stp                      ; --            ; --           ; --             ;
+-------------------------------------+---------------------------------------+---------------+--------------+----------------+


+-------------------------------------------------------------------------------------------------------------------------------+
; Flow Elapsed Time                                                                                                             ;
+---------------------------+--------------+-------------------------+---------------------+------------------------------------+
; Module Name               ; Elapsed Time ; Average Processors Used ; Peak Virtual Memory ; Total CPU Time (on all processors) ;
+---------------------------+--------------+-------------------------+---------------------+------------------------------------+
; Analysis & Synthesis      ; 00:02:05     ; 1.0                     ; 1488 MB             ; 00:02:53                           ;
; Fitter                    ; 00:01:58     ; 1.0                     ; 2367 MB             ; 00:02:07                           ;
; Assembler                 ; 00:00:30     ; 1.0                     ; 1598 MB             ; 00:00:29                           ;
; TimeQuest Timing Analyzer ; 00:00:10     ; 1.1                     ; 1526 MB             ; 00:00:10                           ;
; EDA Netlist Writer        ; 00:00:15     ; 1.0                     ; 1505 MB             ; 00:00:10                           ;
; Total                     ; 00:04:58     ; --                      ; --                  ; 00:05:49                           ;
+---------------------------+--------------+-------------------------+---------------------+------------------------------------+


+---------------------------------------------------------------------------------------------+
; Flow OS Summary                                                                             ;
+---------------------------+------------------+----------------+------------+----------------+
; Module Name               ; Machine Hostname ; OS Name        ; OS Version ; Processor type ;
+---------------------------+------------------+----------------+------------+----------------+
; Analysis & Synthesis      ; maxi-OEM         ; Ubuntu 14.04.2 ; 14         ; x86_64         ;
; Fitter                    ; maxi-OEM         ; Ubuntu 14.04.2 ; 14         ; x86_64         ;
; Assembler                 ; maxi-OEM         ; Ubuntu 14.04.2 ; 14         ; x86_64         ;
; TimeQuest Timing Analyzer ; maxi-OEM         ; Ubuntu 14.04.2 ; 14         ; x86_64         ;
; EDA Netlist Writer        ; maxi-OEM         ; Ubuntu 14.04.2 ; 14         ; x86_64         ;
+---------------------------+------------------+----------------+------------+----------------+


------------
; Flow Log ;
------------
quartus_map --read_settings_files=on --write_settings_files=off niosf_spi -c niosf_spi
quartus_fit --read_settings_files=off --write_settings_files=off niosf_spi -c niosf_spi
quartus_asm --read_settings_files=off --write_settings_files=off niosf_spi -c niosf_spi
quartus_sta niosf_spi -c niosf_spi
quartus_eda --read_settings_files=off --write_settings_files=off niosf_spi -c niosf_spi



